# vsim string_reverse -l string_reverse.log -c -do "run -all;quit;" 
# Start time: 19:19:47 on Jan 15,2023
# ** Note: (vsim-3813) Design is being optimized due to module recompilation...
# //  Questa Sim
# //  Version 10.6c linux Jul 25 2017
# //
# //  Copyright 1991-2017 Mentor Graphics Corporation
# //  All Rights Reserved.
# //
# //  QuestaSim and its associated documentation contain trade
# //  secrets and commercial or financial information that are the property of
# //  Mentor Graphics Corporation and are privileged, confidential,
# //  and exempt from disclosure under the Freedom of Information Act,
# //  5 U.S.C. Section 552. Furthermore, this information
# //  is prohibited from disclosure under the Trade Secrets Act,
# //  18 U.S.C. Section 1905.
# //
# Loading sv_std.std
# Loading work.string_reverse(fast)
# run -all
# string length is = 5
# reverse string is : lapog
# quit
# End time: 19:19:48 on Jan 15,2023, Elapsed time: 0:00:01
# Errors: 0, Warnings: 0
